\BOOKMARK [1][-]{section.2}{\376\377\000I\000n\000f\000o\000r\000m\000a\000t\000i\000o\000n}{}% 1
\BOOKMARK [2][-]{subsubsection.4}{\376\377\000K\000e\000y\000w\000o\000r\000d\000s}{section.2}% 2
\BOOKMARK [1][-]{section.6}{\376\377\000S\000e\000d\000e\000n\000t\000a\000r\000y\000\040\000B\000e\000h\000a\000v\000i\000o\000r}{}% 3
\BOOKMARK [1][-]{section.8}{\376\377\000V\000i\000s\000u\000a\000l\000\040\000P\000r\000o\000g\000r\000a\000m\000m\000i\000n\000g\000\040\000L\000a\000n\000g\000u\000a\000g\000e}{}% 4
\BOOKMARK [1][-]{section.10}{\376\377\000V\000i\000r\000t\000u\000a\000l\000\040\000R\000e\000a\000l\000i\000t\000y}{}% 5
\BOOKMARK [2][-]{subsection.12}{\376\377\000H\000e\000a\000l\000t\000h}{section.10}% 6
\BOOKMARK [2][-]{subsection.14}{\376\377\000P\000e\000r\000f\000o\000r\000m\000a\000n\000c\000e}{section.10}% 7
\BOOKMARK [3][-]{subsubsection.16}{\376\377\000T\000y\000p\000i\000n\000g}{subsection.14}% 8
\BOOKMARK [2][-]{subsection.18}{\376\377\000U\000s\000e\000r\000\040\000E\000x\000p\000e\000r\000i\000e\000n\000c\000e}{section.10}% 9
\BOOKMARK [3][-]{subsubsection.20}{\376\377\000M\000o\000t\000i\000o\000n\000\040\000S\000i\000c\000k\000n\000e\000s\000s}{subsection.18}% 10
\BOOKMARK [3][-]{subsubsection.22}{\376\377\000A\000c\000c\000o\000m\000m\000o\000d\000a\000t\000i\000o\000n\000-\000V\000e\000r\000g\000e\000n\000c\000e\000\040\000M\000i\000s\000m\000a\000t\000c\000h}{subsection.18}% 11
\BOOKMARK [1][-]{section.26}{\376\377\000V\000P\000L\000\040\000i\000n\000\040\000V\000R}{}% 12
\BOOKMARK [2][-]{subsection.28}{\376\377\000E\000x\000i\000s\000t\000i\000n\000g\000\040\000V\000P\000L\000\040\000d\000e\000s\000i\000g\000n\000e\000d\000\040\000f\000o\000r\000\040\000V\000R}{section.26}% 13
\BOOKMARK [3][-]{subsubsection.30}{\376\377\000H\000a\000c\000k\000V\000R}{subsection.28}% 14
\BOOKMARK [2][-]{subsection.32}{\376\377\000D\000e\000s\000i\000g\000n}{section.26}% 15
\BOOKMARK [1][-]{section.34}{\376\377\000C\000o\000g\000n\000i\000t\000i\000v\000e\000\040\000D\000i\000m\000e\000n\000s\000i\000o\000n\000s}{}% 16
\BOOKMARK [2][-]{subsection.36}{\376\377\000R\000o\000l\000e\000-\000E\000x\000p\000r\000e\000s\000s\000i\000v\000e\000n\000e\000s\000s}{section.34}% 17
\BOOKMARK [3][-]{subsubsection.38}{\376\377\000D\000e\000f\000i\000n\000i\000t\000i\000o\000n}{subsection.36}% 18
\BOOKMARK [3][-]{subsubsection.40}{\376\377\000P\000r\000e\000v\000i\000o\000u\000s\000\040\000f\000i\000n\000d\000i\000n\000g\000s}{subsection.36}% 19
\BOOKMARK [3][-]{subsubsection.42}{\376\377\000P\000o\000t\000e\000n\000t\000i\000a\000l\000\040\000a\000d\000v\000a\000n\000t\000a\000g\000e\000s\000\040\000a\000n\000d\000\040\000d\000i\000s\000a\000d\000v\000a\000n\000t\000a\000g\000e\000s\000\040\000i\000n\000\040\000V\000R}{subsection.36}% 20
\BOOKMARK [2][-]{subsection.44}{\376\377\000R\000o\000l\000e\000-\000E\000x\000p\000r\000e\000s\000s\000i\000v\000e\000n\000e\000s\000s}{section.34}% 21
\BOOKMARK [2][-]{subsection.46}{\376\377\000?\000?\000?}{section.34}% 22
\BOOKMARK [1][-]{section.48}{\376\377\000S\000u\000m\000m\000a\000r\000y}{}% 23
\BOOKMARK [2][-]{subsection.50}{\376\377\000D\000e\000s\000i\000g\000n\000\040\000C\000h\000o\000i\000c\000e\000s}{section.48}% 24
\BOOKMARK [3][-]{subsubsection.52}{\376\377\000T\000y\000p\000i\000n\000g}{subsection.50}% 25
\BOOKMARK [3][-]{subsubsection.54}{\376\377\000D\000i\000s\000t\000a\000n\000c\000e\000\040\000o\000f\000\040\000i\000n\000t\000e\000r\000a\000c\000t\000a\000b\000l\000e\000s}{subsection.50}% 26
\BOOKMARK [1][-]{section.56}{\376\377\000E\000v\000a\000l\000u\000a\000t\000i\000o\000n}{}% 27
\BOOKMARK [2][-]{subsection.58}{\376\377\000M\000o\000t\000i\000o\000n\000\040\000S\000i\000c\000k\000n\000e\000s\000s}{section.56}% 28
\BOOKMARK [1][-]{section.60}{\376\377\000R\000e\000f\000e\000r\000e\000n\000c\000e\000s\000\040}{}% 29
