\BOOKMARK [1][-]{section.2}{\376\377\000P\000r\000o\000j\000e\000c\000t\000\040\000I\000n\000f\000o\000r\000m\000a\000t\000i\000o\000n}{}% 1
\BOOKMARK [2][-]{subsubsection.4}{\376\377\000P\000r\000e\000l\000i\000m\000i\000n\000a\000r\000y\000\040\000t\000i\000t\000l\000e}{section.2}% 2
\BOOKMARK [3][-]{subsubsection.6}{\376\377\000S\000t\000u\000d\000e\000n\000t}{subsubsection.4}% 3
\BOOKMARK [3][-]{subsubsection.8}{\376\377\000E\000x\000a\000m\000i\000n\000e\000r}{subsubsection.4}% 4
\BOOKMARK [3][-]{subsubsection.10}{\376\377\000S\000u\000p\000e\000r\000v\000i\000s\000o\000r}{subsubsection.4}% 5
\BOOKMARK [3][-]{subsubsection.12}{\376\377\000C\000u\000r\000r\000e\000n\000t\000\040\000D\000a\000t\000e}{subsubsection.4}% 6
\BOOKMARK [3][-]{subsubsection.14}{\376\377\000K\000e\000y\000w\000o\000r\000d\000s}{subsubsection.4}% 7
\BOOKMARK [1][-]{section.16}{\376\377\000B\000a\000c\000k\000g\000r\000o\000u\000n\000d\000\040\000A\000n\000d\000\040\000O\000b\000j\000e\000c\000t\000i\000v\000e}{}% 8
\BOOKMARK [1][-]{section.18}{\376\377\000R\000E\000S\000E\000A\000R\000C\000H\000\040\000Q\000U\000E\000S\000T\000I\000O\000N\000\040\000A\000N\000D\000\040\000M\000E\000T\000H\000O\000D}{}% 9
\BOOKMARK [2][-]{subsection.20}{\376\377\000Q\000u\000e\000s\000t\000i\000o\000n}{section.18}% 10
\BOOKMARK [2][-]{subsection.22}{\376\377\000O\000b\000j\000e\000c\000t\000i\000v\000e\000s}{section.18}% 11
\BOOKMARK [2][-]{subsection.24}{\376\377\000T\000a\000s\000k\000s}{section.18}% 12
\BOOKMARK [2][-]{subsection.26}{\376\377\000M\000e\000t\000h\000o\000d}{section.18}% 13
\BOOKMARK [2][-]{subsection.28}{\376\377\000E\000t\000h\000i\000c\000s\000\040\000a\000n\000d\000\040\000S\000u\000s\000t\000a\000i\000n\000a\000b\000i\000l\000i\000t\000y}{section.18}% 14
\BOOKMARK [2][-]{subsection.30}{\376\377\000L\000i\000m\000i\000t\000a\000t\000i\000o\000n\000s}{section.18}% 15
\BOOKMARK [2][-]{subsection.32}{\376\377\000R\000i\000s\000k\000s}{section.18}% 16
\BOOKMARK [1][-]{section.34}{\376\377\000E\000V\000A\000L\000U\000A\000T\000I\000O\000N\000\040\000A\000N\000D\000\040\000N\000E\000W\000S\000\040\000V\000A\000L\000U\000E}{}% 17
\BOOKMARK [1][-]{section.36}{\376\377\000P\000R\000E\000-\000S\000T\000U\000D\000Y}{}% 18
\BOOKMARK [1][-]{section.38}{\376\377\000C\000O\000N\000D\000I\000T\000I\000O\000N\000S\000\040\000A\000N\000D\000\040\000S\000C\000H\000E\000D\000U\000L\000E}{}% 19
\BOOKMARK [1][-]{section.40}{\376\377\000R\000e\000f\000e\000r\000e\000n\000c\000e\000s\000\040}{}% 20
